<?xml version="1.0" encoding="UTF-8"?>
<!-- Generated by org.testng.reporters.JUnitReportReporter -->
<testsuite hostname="KIHYDL1102" failures="0" tests="1" name="guru99.gittest.DemoApp" time="35.402" errors="0" timestamp="30 Jan 2019 08:54:18 GMT">
  <testcase classname="guru99.gittest.DemoApp" name="guru99tutorial" time="35.402"/>
</testsuite> <!-- guru99.gittest.DemoApp -->
